<?xml version="1.0" encoding="UTF-8"?>
<testsuite xmlns:xsi="http://www.w3.org/2001/XMLSchema-instance" xsi:schemaLocation="https://maven.apache.org/surefire/maven-surefire-plugin/xsd/surefire-test-report.xsd" name="TestSuite" time="985.68" tests="20" errors="0" skipped="0" failures="3">
  <properties>
    <property name="java.runtime.name" value="Java(TM) SE Runtime Environment"/>
    <property name="sun.boot.library.path" value="/Library/Java/JavaVirtualMachines/jdk1.8.0_141.jdk/Contents/Home/jre/lib"/>
    <property name="java.vm.version" value="25.141-b15"/>
    <property name="gopherProxySet" value="false"/>
    <property name="api" value="23"/>
    <property name="java.vm.vendor" value="Oracle Corporation"/>
    <property name="maven.multiModuleProjectDirectory" value="/Users/alisina/IdeaProjects/android_shoppinglist_tests"/>
    <property name="java.vendor.url" value="http://java.oracle.com/"/>
    <property name="path.separator" value=":"/>
    <property name="guice.disable.misplaced.annotation.check" value="true"/>
    <property name="java.vm.name" value="Java HotSpot(TM) 64-Bit Server VM"/>
    <property name="file.encoding.pkg" value="sun.io"/>
    <property name="user.country" value="US"/>
    <property name="sun.java.launcher" value="SUN_STANDARD"/>
    <property name="sun.os.patch.level" value="unknown"/>
    <property name="java.vm.specification.name" value="Java Virtual Machine Specification"/>
    <property name="user.dir" value="/Users/alisina/IdeaProjects/android_shoppinglist_tests"/>
    <property name="java.runtime.version" value="1.8.0_141-b15"/>
    <property name="java.awt.graphicsenv" value="sun.awt.CGraphicsEnvironment"/>
    <property name="java.endorsed.dirs" value="/Library/Java/JavaVirtualMachines/jdk1.8.0_141.jdk/Contents/Home/jre/lib/endorsed"/>
    <property name="os.arch" value="x86_64"/>
    <property name="java.io.tmpdir" value="/var/folders/n9/ggrz4n6x18xbmp167ykfnmwr0000gp/T/"/>
    <property name="line.separator" value="&#10;"/>
    <property name="java.vm.specification.vendor" value="Oracle Corporation"/>
    <property name="os.name" value="Mac OS X"/>
    <property name="classworlds.conf" value="/usr/local/Cellar/maven/3.5.2/libexec/bin/m2.conf"/>
    <property name="sun.jnu.encoding" value="UTF-8"/>
    <property name="java.library.path" value="/Users/alisina/Library/Java/Extensions:/Library/Java/Extensions:/Network/Library/Java/Extensions:/System/Library/Java/Extensions:/usr/lib/java:."/>
    <property name="maven.conf" value="/usr/local/Cellar/maven/3.5.2/libexec/conf"/>
    <property name="java.specification.name" value="Java Platform API Specification"/>
    <property name="java.class.version" value="52.0"/>
    <property name="sun.management.compiler" value="HotSpot 64-Bit Tiered Compilers"/>
    <property name="os.version" value="10.11.6"/>
    <property name="library.jansi.path" value="/usr/local/Cellar/maven/3.5.2/libexec/lib/jansi-native"/>
    <property name="http.nonProxyHosts" value="local|*.local|169.254/16|*.169.254/16"/>
    <property name="user.home" value="/Users/alisina"/>
    <property name="user.timezone" value="America/Los_Angeles"/>
    <property name="java.awt.printerjob" value="sun.lwawt.macosx.CPrinterJob"/>
    <property name="java.specification.version" value="1.8"/>
    <property name="file.encoding" value="UTF-8"/>
    <property name="user.name" value="alisina"/>
    <property name="java.class.path" value="/usr/local/Cellar/maven/3.5.2/libexec/boot/plexus-classworlds-2.5.2.jar"/>
    <property name="java.vm.specification.version" value="1.8"/>
    <property name="sun.arch.data.model" value="64"/>
    <property name="java.home" value="/Library/Java/JavaVirtualMachines/jdk1.8.0_141.jdk/Contents/Home/jre"/>
    <property name="sun.java.command" value="org.codehaus.plexus.classworlds.launcher.Launcher clean -Dapi=23 test"/>
    <property name="java.specification.vendor" value="Oracle Corporation"/>
    <property name="user.language" value="en"/>
    <property name="awt.toolkit" value="sun.lwawt.macosx.LWCToolkit"/>
    <property name="java.vm.info" value="mixed mode"/>
    <property name="java.version" value="1.8.0_141"/>
    <property name="java.ext.dirs" value="/Users/alisina/Library/Java/Extensions:/Library/Java/JavaVirtualMachines/jdk1.8.0_141.jdk/Contents/Home/jre/lib/ext:/Library/Java/Extensions:/Network/Library/Java/Extensions:/System/Library/Java/Extensions:/usr/lib/java"/>
    <property name="sun.boot.class.path" value="/Library/Java/JavaVirtualMachines/jdk1.8.0_141.jdk/Contents/Home/jre/lib/resources.jar:/Library/Java/JavaVirtualMachines/jdk1.8.0_141.jdk/Contents/Home/jre/lib/rt.jar:/Library/Java/JavaVirtualMachines/jdk1.8.0_141.jdk/Contents/Home/jre/lib/sunrsasign.jar:/Library/Java/JavaVirtualMachines/jdk1.8.0_141.jdk/Contents/Home/jre/lib/jsse.jar:/Library/Java/JavaVirtualMachines/jdk1.8.0_141.jdk/Contents/Home/jre/lib/jce.jar:/Library/Java/JavaVirtualMachines/jdk1.8.0_141.jdk/Contents/Home/jre/lib/charsets.jar:/Library/Java/JavaVirtualMachines/jdk1.8.0_141.jdk/Contents/Home/jre/lib/jfr.jar:/Library/Java/JavaVirtualMachines/jdk1.8.0_141.jdk/Contents/Home/jre/classes"/>
    <property name="java.vendor" value="Oracle Corporation"/>
    <property name="maven.home" value="/usr/local/Cellar/maven/3.5.2/libexec"/>
    <property name="file.separator" value="/"/>
    <property name="java.vendor.url.bug" value="http://bugreport.sun.com/bugreport/"/>
    <property name="sun.cpu.endian" value="little"/>
    <property name="sun.io.unicode.encoding" value="UnicodeBig"/>
    <property name="socksNonProxyHosts" value="local|*.local|169.254/16|*.169.254/16"/>
    <property name="ftp.nonProxyHosts" value="local|*.local|169.254/16|*.169.254/16"/>
    <property name="sun.cpu.isalist" value=""/>
  </properties>
  <testcase name="addNewList" classname="tests.AddEmptyListTest" time="11.312"/>
  <testcase name="addNewList" classname="tests.AddEmptyListTest" time="15.085"/>
  <testcase name="addNewList" classname="tests.AddEmptyListTest" time="15.162"/>
  <testcase name="addNewList" classname="tests.AddEmptyListTest" time="12.268"/>
  <testcase name="addNewList" classname="tests.AddEmptyListTest" time="13.292"/>
  <testcase name="addNewList" classname="tests.AddEmptyListTest" time="16.339"/>
  <testcase name="addNewItemToTheList" classname="tests.AddProductToExistingListTest" time="161.441"/>
  <testcase name="addNewItemToTheList" classname="tests.AddProductToExistingListTest" time="122.895"/>
  <testcase name="checkCurrencySettings" classname="tests.ChangeOrientationTest" time="14.028"/>
  <testcase name="checkCurrencySettings" classname="tests.ChangeOrientationTest" time="10.727"/>
  <testcase name="checkCurrencySettings" classname="tests.ChangeOrientationTest" time="9.353"/>
  <testcase name="removeNewList" classname="tests.ClickNoInRemoveListWindowTest" time="16.585">
    <failure message="An element could not be located on the page using the given search parameters. (WARNING: The server did not provide any stacktrace information)&#10;Command duration or timeout: 5.31 seconds&#10;For documentation on this error, please visit: http://seleniumhq.org/exceptions/no_such_element.html&#10;Build info: version: &apos;2.46.0&apos;, revision: &apos;61506a4624b13675f24581e453592342b7485d71&apos;, time: &apos;2015-06-04 10:22:50&apos;&#10;System info: host: &apos;Alisinas-MBP&apos;, ip: &apos;192.168.1.68&apos;, os.name: &apos;Mac OS X&apos;, os.arch: &apos;x86_64&apos;, os.version: &apos;10.11.6&apos;, java.version: &apos;1.8.0_141&apos;&#10;Driver info: io.appium.java_client.android.AndroidDriver&#10;Capabilities [{app=/Users/alisina/IdeaProjects/android_shoppinglist_tests/src/test/resources/Shopping_list_1.6.apk, appPackage=com.slava.buylist, deviceScreenSize=1080x1920, networkConnectionEnabled=true, warnings={}, appWaitPackage=com.slava.buylist, appWaitActivity=com.slava.buylist.MainActivity, databaseEnabled=false, deviceName=emulator-5554, platform=LINUX, deviceUDID=emulator-5554, appActivity=com.slava.buylist.MainActivity, desired={app=/Users/alisina/IdeaProjects/android_shoppinglist_tests/src/test/resources/Shopping_list_1.6.apk, platformName=Android, deviceName=Nexus 5 API 23}, platformVersion=6.0, webStorageEnabled=false, locationContextEnabled=false, takesScreenshot=true, javascriptEnabled=true, deviceModel=Android SDK built for x86, platformName=Android, deviceManufacturer=unknown}]&#10;Session ID: c1833405-638f-460c-a368-ba247d5e81ec&#10;*** Element info: {Using=xpath, value=//android.widget.TextView[@text=&apos;New list2&apos;]}" type="org.openqa.selenium.NoSuchElementException">org.openqa.selenium.NoSuchElementException: 
An element could not be located on the page using the given search parameters. (WARNING: The server did not provide any stacktrace information)
Command duration or timeout: 5.31 seconds
For documentation on this error, please visit: http://seleniumhq.org/exceptions/no_such_element.html
Build info: version: '2.46.0', revision: '61506a4624b13675f24581e453592342b7485d71', time: '2015-06-04 10:22:50'
System info: host: 'Alisinas-MBP', ip: '192.168.1.68', os.name: 'Mac OS X', os.arch: 'x86_64', os.version: '10.11.6', java.version: '1.8.0_141'
Driver info: io.appium.java_client.android.AndroidDriver
Capabilities [{app=/Users/alisina/IdeaProjects/android_shoppinglist_tests/src/test/resources/Shopping_list_1.6.apk, appPackage=com.slava.buylist, deviceScreenSize=1080x1920, networkConnectionEnabled=true, warnings={}, appWaitPackage=com.slava.buylist, appWaitActivity=com.slava.buylist.MainActivity, databaseEnabled=false, deviceName=emulator-5554, platform=LINUX, deviceUDID=emulator-5554, appActivity=com.slava.buylist.MainActivity, desired={app=/Users/alisina/IdeaProjects/android_shoppinglist_tests/src/test/resources/Shopping_list_1.6.apk, platformName=Android, deviceName=Nexus 5 API 23}, platformVersion=6.0, webStorageEnabled=false, locationContextEnabled=false, takesScreenshot=true, javascriptEnabled=true, deviceModel=Android SDK built for x86, platformName=Android, deviceManufacturer=unknown}]
Session ID: c1833405-638f-460c-a368-ba247d5e81ec
*** Element info: {Using=xpath, value=//android.widget.TextView[@text='New list2']}
	at tests.ClickNoInRemoveListWindowTest.removeNewList(ClickNoInRemoveListWindowTest.java:24)
</failure>
  </testcase>
  <testcase name="addNewListWithItem" classname="tests.CreateListWithItemsTest" time="50.393"/>
  <testcase name="addNewListWithItem" classname="tests.CreateListWithItemsTest" time="53.526"/>
  <testcase name="checkCurrencySettings" classname="tests.CurrencySettingsTest" time="8.201"/>
  <testcase name="doNotSaveNewProduct" classname="tests.DoNotSaveProductTest" time="54.796"/>
  <testcase name="removeNewList" classname="tests.RemoveListTest" time="19.811">
    <failure message="An element could not be located on the page using the given search parameters. (WARNING: The server did not provide any stacktrace information)&#10;Command duration or timeout: 5.68 seconds&#10;For documentation on this error, please visit: http://seleniumhq.org/exceptions/no_such_element.html&#10;Build info: version: &apos;2.46.0&apos;, revision: &apos;61506a4624b13675f24581e453592342b7485d71&apos;, time: &apos;2015-06-04 10:22:50&apos;&#10;System info: host: &apos;Alisinas-MBP&apos;, ip: &apos;192.168.1.68&apos;, os.name: &apos;Mac OS X&apos;, os.arch: &apos;x86_64&apos;, os.version: &apos;10.11.6&apos;, java.version: &apos;1.8.0_141&apos;&#10;Driver info: io.appium.java_client.android.AndroidDriver&#10;Capabilities [{app=/Users/alisina/IdeaProjects/android_shoppinglist_tests/src/test/resources/Shopping_list_1.6.apk, appPackage=com.slava.buylist, deviceScreenSize=1080x1920, networkConnectionEnabled=true, warnings={}, appWaitPackage=com.slava.buylist, appWaitActivity=com.slava.buylist.MainActivity, databaseEnabled=false, deviceName=emulator-5554, platform=LINUX, deviceUDID=emulator-5554, appActivity=com.slava.buylist.MainActivity, desired={app=/Users/alisina/IdeaProjects/android_shoppinglist_tests/src/test/resources/Shopping_list_1.6.apk, platformName=Android, deviceName=Nexus 5 API 23}, platformVersion=6.0, webStorageEnabled=false, locationContextEnabled=false, takesScreenshot=true, javascriptEnabled=true, deviceModel=Android SDK built for x86, platformName=Android, deviceManufacturer=unknown}]&#10;Session ID: c1833405-638f-460c-a368-ba247d5e81ec&#10;*** Element info: {Using=xpath, value=//android.widget.RelativeLayout[android.widget.TextView[@text=&apos;New list2&apos;]]/android.widget.ImageView[@resource-id=&apos;com.slava.buylist:id/imageView1&apos;]}" type="org.openqa.selenium.NoSuchElementException">org.openqa.selenium.NoSuchElementException: 
An element could not be located on the page using the given search parameters. (WARNING: The server did not provide any stacktrace information)
Command duration or timeout: 5.68 seconds
For documentation on this error, please visit: http://seleniumhq.org/exceptions/no_such_element.html
Build info: version: '2.46.0', revision: '61506a4624b13675f24581e453592342b7485d71', time: '2015-06-04 10:22:50'
System info: host: 'Alisinas-MBP', ip: '192.168.1.68', os.name: 'Mac OS X', os.arch: 'x86_64', os.version: '10.11.6', java.version: '1.8.0_141'
Driver info: io.appium.java_client.android.AndroidDriver
Capabilities [{app=/Users/alisina/IdeaProjects/android_shoppinglist_tests/src/test/resources/Shopping_list_1.6.apk, appPackage=com.slava.buylist, deviceScreenSize=1080x1920, networkConnectionEnabled=true, warnings={}, appWaitPackage=com.slava.buylist, appWaitActivity=com.slava.buylist.MainActivity, databaseEnabled=false, deviceName=emulator-5554, platform=LINUX, deviceUDID=emulator-5554, appActivity=com.slava.buylist.MainActivity, desired={app=/Users/alisina/IdeaProjects/android_shoppinglist_tests/src/test/resources/Shopping_list_1.6.apk, platformName=Android, deviceName=Nexus 5 API 23}, platformVersion=6.0, webStorageEnabled=false, locationContextEnabled=false, takesScreenshot=true, javascriptEnabled=true, deviceModel=Android SDK built for x86, platformName=Android, deviceManufacturer=unknown}]
Session ID: c1833405-638f-460c-a368-ba247d5e81ec
*** Element info: {Using=xpath, value=//android.widget.RelativeLayout[android.widget.TextView[@text='New list2']]/android.widget.ImageView[@resource-id='com.slava.buylist:id/imageView1']}
	at tests.RemoveListTest.removeNewList(RemoveListTest.java:28)
</failure>
  </testcase>
  <testcase name="addNewItemToTheList" classname="tests.SortProductsByTest" time="114.522"/>
  <testcase name="addNewItemToTheList" classname="tests.SortProductsByTest" time="119.461"/>
  <testcase name="addNewList" classname="tests.EditListNameTest" time="5.237">
    <failure message="An element could not be located on the page using the given search parameters. (WARNING: The server did not provide any stacktrace information)&#10;Command duration or timeout: 5.22 seconds&#10;For documentation on this error, please visit: http://seleniumhq.org/exceptions/no_such_element.html&#10;Build info: version: &apos;2.46.0&apos;, revision: &apos;61506a4624b13675f24581e453592342b7485d71&apos;, time: &apos;2015-06-04 10:22:50&apos;&#10;System info: host: &apos;Alisinas-MBP&apos;, ip: &apos;192.168.1.68&apos;, os.name: &apos;Mac OS X&apos;, os.arch: &apos;x86_64&apos;, os.version: &apos;10.11.6&apos;, java.version: &apos;1.8.0_141&apos;&#10;Driver info: io.appium.java_client.android.AndroidDriver&#10;Capabilities [{app=/Users/alisina/IdeaProjects/android_shoppinglist_tests/src/test/resources/Shopping_list_1.6.apk, appPackage=com.slava.buylist, deviceScreenSize=1080x1920, networkConnectionEnabled=true, warnings={}, appWaitPackage=com.slava.buylist, appWaitActivity=com.slava.buylist.MainActivity, databaseEnabled=false, deviceName=emulator-5554, platform=LINUX, deviceUDID=emulator-5554, appActivity=com.slava.buylist.MainActivity, desired={app=/Users/alisina/IdeaProjects/android_shoppinglist_tests/src/test/resources/Shopping_list_1.6.apk, platformName=Android, deviceName=Nexus 5 API 23}, platformVersion=6.0, webStorageEnabled=false, locationContextEnabled=false, takesScreenshot=true, javascriptEnabled=true, deviceModel=Android SDK built for x86, platformName=Android, deviceManufacturer=unknown}]&#10;Session ID: c1833405-638f-460c-a368-ba247d5e81ec&#10;*** Element info: {Using=xpath, value=//android.widget.RelativeLayout[android.widget.TextView[@text=&apos;New list&apos;]]/android.widget.ImageView[@resource-id=&apos;com.slava.buylist:id/imageView2&apos;]}" type="org.openqa.selenium.NoSuchElementException">org.openqa.selenium.NoSuchElementException: 
An element could not be located on the page using the given search parameters. (WARNING: The server did not provide any stacktrace information)
Command duration or timeout: 5.22 seconds
For documentation on this error, please visit: http://seleniumhq.org/exceptions/no_such_element.html
Build info: version: '2.46.0', revision: '61506a4624b13675f24581e453592342b7485d71', time: '2015-06-04 10:22:50'
System info: host: 'Alisinas-MBP', ip: '192.168.1.68', os.name: 'Mac OS X', os.arch: 'x86_64', os.version: '10.11.6', java.version: '1.8.0_141'
Driver info: io.appium.java_client.android.AndroidDriver
Capabilities [{app=/Users/alisina/IdeaProjects/android_shoppinglist_tests/src/test/resources/Shopping_list_1.6.apk, appPackage=com.slava.buylist, deviceScreenSize=1080x1920, networkConnectionEnabled=true, warnings={}, appWaitPackage=com.slava.buylist, appWaitActivity=com.slava.buylist.MainActivity, databaseEnabled=false, deviceName=emulator-5554, platform=LINUX, deviceUDID=emulator-5554, appActivity=com.slava.buylist.MainActivity, desired={app=/Users/alisina/IdeaProjects/android_shoppinglist_tests/src/test/resources/Shopping_list_1.6.apk, platformName=Android, deviceName=Nexus 5 API 23}, platformVersion=6.0, webStorageEnabled=false, locationContextEnabled=false, takesScreenshot=true, javascriptEnabled=true, deviceModel=Android SDK built for x86, platformName=Android, deviceManufacturer=unknown}]
Session ID: c1833405-638f-460c-a368-ba247d5e81ec
*** Element info: {Using=xpath, value=//android.widget.RelativeLayout[android.widget.TextView[@text='New list']]/android.widget.ImageView[@resource-id='com.slava.buylist:id/imageView2']}
	at tests.EditListNameTest.addNewList(EditListNameTest.java:32)
</failure>
  </testcase>
</testsuite>